#
# A fatal error has been detected by the Java Runtime Environment:
#
#  EXCEPTION_ACCESS_VIOLATION (0xc0000005) at pc=0x00007fff3564c53a, pid=17756, tid=16128
#
# JRE version: Java(TM) SE Runtime Environment (21.0.1+12) (build 21.0.1+12-LTS-29)
# Java VM: Java HotSpot(TM) 64-Bit Server VM (21.0.1+12-LTS-29, mixed mode, sharing, tiered, compressed oops, compressed class ptrs, g1 gc, windows-amd64)
# Problematic frame:
# C  [lwjgl_opengl.dll+0xc53a]
#
# No core dump will be written. Minidumps are not enabled by default on client versions of Windows
#
# If you would like to submit a bug report, please visit:
#   https://bugreport.java.com/bugreport/crash.jsp
# The crash happened outside the Java Virtual Machine in native code.
# See problematic frame for where to report the bug.
#

---------------  S U M M A R Y ------------

Command Line: -Dfile.encoding=UTF-8 -Dstdout.encoding=UTF-8 -Dstderr.encoding=UTF-8 -XX:+ShowCodeDetailsInExceptionMessages main

Host: Intel(R) Core(TM) i5-8300H CPU @ 2.30GHz, 8 cores, 19G,  Windows 10 , 64 bit Build 19041 (10.0.19041.3570)
Time: Mon Oct 23 00:08:15 2023 Malay Peninsula Standard Time elapsed time: 0.753689 seconds (0d 0h 0m 0s)

---------------  T H R E A D  ---------------

Current thread (0x000001e0f9395bc0):  JavaThread "main"             [_thread_in_native, id=16128, stack(0x0000008ce9b00000,0x0000008ce9c00000) (1024K)]

Stack: [0x0000008ce9b00000,0x0000008ce9c00000],  sp=0x0000008ce9bff5f8,  free space=1021k
Native frames: (J=compiled Java code, j=interpreted, Vv=VM code, C=native code)
C  [lwjgl_opengl.dll+0xc53a]

Java frames: (J=compiled Java code, j=interpreted, Vv=VM code)
j  org.lwjgl.opengl.GL11C.glEnable(I)V+0
j  org.lwjgl.opengl.GL11.glEnable(I)V+1
j  main.<init>()V+76
j  main.main([Ljava/lang/String;)V+3
v  ~StubRoutines::call_stub 0x000001e08f8c100d

siginfo: EXCEPTION_ACCESS_VIOLATION (0xc0000005), reading address 0x0000000000000000


Registers:
RAX=0x000001e0e209e960, RBX=0x000001e0de572008, RCX=0x0000000000000de1, RDX=0x0000000000000000
RSP=0x0000008ce9bff5f8, RBP=0x0000008ce9bff670, RSI=0x0000000000000000, RDI=0x000001e08f8c8924
R8 =0x0000000000000de1, R9 =0x0000000000000002, R10=0x000001e08f8ccddc, R11=0x00000006d5f53a38
R12=0x0000000000000000, R13=0x000001e0de572000, R14=0x0000008ce9bff690, R15=0x000001e0f9395bc0
RIP=0x00007fff3564c53a, EFLAGS=0x0000000000010206


Register to memory mapping:

RAX=0x000001e0e209e960 points into unknown readable memory: 0x0000000000000000 | 00 00 00 00 00 00 00 00
RBX={method} {0x000001e0de572010} 'glEnable' '(I)V' in 'org/lwjgl/opengl/GL11C'
RCX=0x0000000000000de1 is an unknown value
RDX=0x0 is null
RSP=0x0000008ce9bff5f8 is pointing into the stack for thread: 0x000001e0f9395bc0
RBP=0x0000008ce9bff670 is pointing into the stack for thread: 0x000001e0f9395bc0
RSI=0x0 is null
RDI=0x000001e08f8c8924 is at code_begin+1380 in an Interpreter codelet
return entry points  [0x000001e08f8c83c0, 0x000001e08f8c8f18]  2904 bytes
R8 =0x0000000000000de1 is an unknown value
R9 =0x0000000000000002 is an unknown value
R10=0x000001e08f8ccddc is at code_begin+1020 in an Interpreter codelet
native method entry point (kind = native)  [0x000001e08f8cc9e0, 0x000001e08f8cd508]  2856 bytes
R11=0x00000006d5f53a38 is an oop: java.lang.Class 
{0x00000006d5f53a38} - klass: 'java/lang/Class'
 - ---- fields (total size 116 words):
 - private volatile transient 'classRedefinedCount' 'I' @12  0 (0x00000000)
 - injected 'klass' 'J' @16  2064235198056 (0x000001e09e017668)
 - injected 'array_klass' 'J' @24  0 (0x0000000000000000)
 - injected 'oop_size' 'I' @32  116 (0x00000074)
 - injected 'static_oop_field_count' 'I' @36  0 (0x00000000)
 - private volatile transient 'cachedConstructor' 'Ljava/lang/reflect/Constructor;' @40  null (0x00000000)
 - private transient 'name' 'Ljava/lang/String;' @44  "org.lwjgl.opengl.GL11C"{0x00000006d5f53dd8} (0xdabea7bb)
 - private transient 'module' 'Ljava/lang/Module;' @48  a 'java/lang/Module'{0x00000006d61ada30} (0xdac35b46)
 - private final 'classLoader' 'Ljava/lang/ClassLoader;' @52  a 'jdk/internal/loader/ClassLoaders$AppClassLoader'{0x00000006d61ad870} (0xdac35b0e)
 - private transient 'classData' 'Ljava/lang/Object;' @56  null (0x00000000)
 - private transient 'packageName' 'Ljava/lang/String;' @60  "org.lwjgl.opengl"{0x00000006d5e8e6c0} (0xdabd1cd8)
 - private final 'componentType' 'Ljava/lang/Class;' @64  null (0x00000000)
 - private volatile transient 'reflectionData' 'Ljava/lang/ref/SoftReference;' @68  null (0x00000000)
 - private volatile transient 'genericInfo' 'Lsun/reflect/generics/repository/ClassRepository;' @72  null (0x00000000)
 - private volatile transient 'enumConstants' '[Ljava/lang/Object;' @76  null (0x00000000)
 - private volatile transient 'enumConstantDirectory' 'Ljava/util/Map;' @80  null (0x00000000)
 - private volatile transient 'annotationData' 'Ljava/lang/Class$AnnotationData;' @84  null (0x00000000)
 - private volatile transient 'annotationType' 'Lsun/reflect/annotation/AnnotationType;' @88  null (0x00000000)
 - transient 'classValueMap' 'Ljava/lang/ClassValue$ClassValueMap;' @92  null (0x00000000)
 - injected 'protection_domain' 'Ljava/lang/Object;' @96  a 'java/security/ProtectionDomain'{0x00000006d5ece0a8} (0xdabd9c15)
 - injected 'signers_name' 'Ljava/lang/Object;' @100  null (0x00000000)
 - injected 'source_file' 'Ljava/lang/Object;' @104  null (0x00000000)
 - signature: Lorg/lwjgl/opengl/GL11C;
 - ---- static fields (0):
 - public static final 'GL_NEVER' 'I' @112  512 (0x00000200)
 - public static final 'GL_LESS' 'I' @116  513 (0x00000201)
 - public static final 'GL_EQUAL' 'I' @120  514 (0x00000202)
 - public static final 'GL_LEQUAL' 'I' @124  515 (0x00000203)
 - public static final 'GL_GREATER' 'I' @128  516 (0x00000204)
 - public static final 'GL_NOTEQUAL' 'I' @132  517 (0x00000205)
 - public static final 'GL_GEQUAL' 'I' @136  518 (0x00000206)
 - public static final 'GL_ALWAYS' 'I' @140  519 (0x00000207)
 - public static final 'GL_DEPTH_BUFFER_BIT' 'I' @144  256 (0x00000100)
 - public static final 'GL_STENCIL_BUFFER_BIT' 'I' @148  1024 (0x00000400)
 - public static final 'GL_COLOR_BUFFER_BIT' 'I' @152  16384 (0x00004000)
 - public static final 'GL_POINTS' 'I' @156  0 (0x00000000)
 - public static final 'GL_LINES' 'I' @160  1 (0x00000001)
 - public static final 'GL_LINE_LOOP' 'I' @164  2 (0x00000002)
 - public static final 'GL_LINE_STRIP' 'I' @168  3 (0x00000003)
 - public static final 'GL_TRIANGLES' 'I' @172  4 (0x00000004)
 - public static final 'GL_TRIANGLE_STRIP' 'I' @176  5 (0x00000005)
 - public static final 'GL_TRIANGLE_FAN' 'I' @180  6 (0x00000006)
 - public static final 'GL_QUADS' 'I' @184  7 (0x00000007)
 - public static final 'GL_ZERO' 'I' @188  0 (0x00000000)
 - public static final 'GL_ONE' 'I' @192  1 (0x00000001)
 - public static final 'GL_SRC_COLOR' 'I' @196  768 (0x00000300)
 - public static final 'GL_ONE_MINUS_SRC_COLOR' 'I' @200  769 (0x00000301)
 - public static final 'GL_SRC_ALPHA' 'I' @204  770 (0x00000302)
 - public static final 'GL_ONE_MINUS_SRC_ALPHA' 'I' @208  771 (0x00000303)
 - public static final 'GL_DST_ALPHA' 'I' @212  772 (0x00000304)
 - public static final 'GL_ONE_MINUS_DST_ALPHA' 'I' @216  773 (0x00000305)
 - public static final 'GL_DST_COLOR' 'I' @220  774 (0x00000306)
 - public static final 'GL_ONE_MINUS_DST_COLOR' 'I' @224  775 (0x00000307)
 - public static final 'GL_SRC_ALPHA_SATURATE' 'I' @228  776 (0x00000308)
 - public static final 'GL_TRUE' 'I' @232  1 (0x00000001)
 - public static final 'GL_FALSE' 'I' @236  0 (0x00000000)
 - public static final 'GL_BYTE' 'I' @240  5120 (0x00001400)
 - public static final 'GL_UNSIGNED_BYTE' 'I' @244  5121 (0x00001401)
 - public static final 'GL_SHORT' 'I' @248  5122 (0x00001402)
 - public static final 'GL_UNSIGNED_SHORT' 'I' @252  5123 (0x00001403)
 - public static final 'GL_INT' 'I' @256  5124 (0x00001404)
 - public static final 'GL_UNSIGNED_INT' 'I' @260  5125 (0x00001405)
 - public static final 'GL_FLOAT' 'I' @264  5126 (0x00001406)
 - public static final 'GL_DOUBLE' 'I' @268  5130 (0x0000140a)
 - public static final 'GL_NONE' 'I' @272  0 (0x00000000)
 - public static final 'GL_FRONT_LEFT' 'I' @276  1024 (0x00000400)
 - public static final 'GL_FRONT_RIGHT' 'I' @280  1025 (0x00000401)
 - public static final 'GL_BACK_LEFT' 'I' @284  1026 (0x00000402)
 - public static final 'GL_BACK_RIGHT' 'I' @288  1027 (0x00000403)
 - public static final 'GL_FRONT' 'I' @292  1028 (0x00000404)
 - public static final 'GL_BACK' 'I' @296  1029 (0x00000405)
 - public static final 'GL_LEFT' 'I' @300  1030 (0x00000406)
 - public static final 'GL_RIGHT' 'I' @304  1031 (0x00000407)
 - public static final 'GL_FRONT_AND_BACK' 'I' @308  1032 (0x00000408)
 - public static final 'GL_NO_ERROR' 'I' @312  0 (0x00000000)
 - public static final 'GL_INVALID_ENUM' 'I' @316  1280 (0x00000500)
 - public static final 'GL_INVALID_VALUE' 'I' @320  1281 (0x00000501)
 - public static final 'GL_INVALID_OPERATION' 'I' @324  1282 (0x00000502)
 - public static final 'GL_STACK_OVERFLOW' 'I' @328  1283 (0x00000503)
 - public static final 'GL_STACK_UNDERFLOW' 'I' @332  1284 (0x00000504)
 - public static final 'GL_OUT_OF_MEMORY' 'I' @336  1285 (0x00000505)
 - public static final 'GL_CW' 'I' @340  2304 (0x00000900)
 - public static final 'GL_CCW' 'I' @344  2305 (0x00000901)
 - public static final 'GL_POINT_SIZE' 'I' @348  2833 (0x00000b11)
 - public static final 'GL_POINT_SIZE_RANGE' 'I' @352  2834 (0x00000b12)
 - public static final 'GL_POINT_SIZE_GRANULARITY' 'I' @356  2835 (0x00000b13)
 - public static final 'GL_LINE_SMOOTH' 'I' @360  2848 (0x00000b20)
 - public static final 'GL_LINE_WIDTH' 'I' @364  2849 (0x00000b21)
 - public static final 'GL_LINE_WIDTH_RANGE' 'I' @368  2850 (0x00000b22)
 - public static final 'GL_LINE_WIDTH_GRANULARITY' 'I' @372  2851 (0x00000b23)
 - public static final 'GL_POLYGON_MODE' 'I' @376  2880 (0x00000b40)
 - public static final 'GL_POLYGON_SMOOTH' 'I' @380  2881 (0x00000b41)
 - public static final 'GL_CULL_FACE' 'I' @384  2884 (0x00000b44)
 - public static final 'GL_CULL_FACE_MODE' 'I' @388  2885 (0x00000b45)
 - public static final 'GL_FRONT_FACE' 'I' @392  2886 (0x00000b46)
 - public static final 'GL_DEPTH_RANGE' 'I' @396  2928 (0x00000b70)
 - public static final 'GL_DEPTH_TEST' 'I' @400  2929 (0x00000b71)
 - public static final 'GL_DEPTH_WRITEMASK' 'I' @404  2930 (0x00000b72)
 - public static final 'GL_DEPTH_CLEAR_VALUE' 'I' @408  2931 (0x00000b73)
 - public static final 'GL_DEPTH_FUNC' 'I' @412  2932 (0x00000b74)
 - public static final 'GL_STENCIL_TEST' 'I' @416  2960 (0x00000b90)
 - public static final 'GL_STENCIL_CLEAR_VALUE' 'I' @420  2961 (0x00000b91)
 - public static final 'GL_STENCIL_FUNC' 'I' @424  2962 (0x00000b92)
 - public static final 'GL_STENCIL_VALUE_MASK' 'I' @428  2963 (0x00000b93)
 - public static final 'GL_STENCIL_FAIL' 'I' @432  2964 (0x00000b94)
 - public static final 'GL_STENCIL_PASS_DEPTH_FAIL' 'I' @436  2965 (0x00000b95)
 - public static final 'GL_STENCIL_PASS_DEPTH_PASS' 'I' @440  2966 (0x00000b96)
 - public static final 'GL_STENCIL_REF' 'I' @444  2967 (0x00000b97)
 - public static final 'GL_STENCIL_WRITEMASK' 'I' @448  2968 (0x00000b98)
 - public static final 'GL_VIEWPORT' 'I' @452  2978 (0x00000ba2)
 - public static final 'GL_DITHER' 'I' @456  3024 (0x00000bd0)
 - public static final 'GL_BLEND_DST' 'I' @460  3040 (0x00000be0)
 - public static final 'GL_BLEND_SRC' 'I' @464  3041 (0x00000be1)
 - public static final 'GL_BLEND' 'I' @468  3042 (0x00000be2)
 - public static final 'GL_LOGIC_OP_MODE' 'I' @472  3056 (0x00000bf0)
 - public static final 'GL_COLOR_LOGIC_OP' 'I' @476  3058 (0x00000bf2)
 - public static final 'GL_DRAW_BUFFER' 'I' @480  3073 (0x00000c01)
 - public static final 'GL_READ_BUFFER' 'I' @484  3074 (0x00000c02)
 - public static final 'GL_SCISSOR_BOX' 'I' @488  3088 (0x00000c10)
 - public static final 'GL_SCISSOR_TEST' 'I' @492  3089 (0x00000c11)
 - public static final 'GL_COLOR_CLEAR_VALUE' 'I' @496  3106 (0x00000c22)
 - public static final 'GL_COLOR_WRITEMASK' 'I' @500  3107 (0x00000c23)
 - public static final 'GL_DOUBLEBUFFER' 'I' @504  3122 (0x00000c32)
 - public static final 'GL_STEREO' 'I' @508  3123 (0x00000c33)
 - public static final 'GL_LINE_SMOOTH_HINT' 'I' @512  3154 (0x00000c52)
 - public static final 'GL_POLYGON_SMOOTH_HINT' 'I' @516  3155 (0x00000c53)
 - public static final 'GL_UNPACK_SWAP_BYTES' 'I' @520  3312 (0x00000cf0)
 - public static final 'GL_UNPACK_LSB_FIRST' 'I' @524  3313 (0x00000cf1)
 - public static final 'GL_UNPACK_ROW_LENGTH' 'I' @528  3314 (0x00000cf2)
 - public static final 'GL_UNPACK_SKIP_ROWS' 'I' @532  3315 (0x00000cf3)
 - public static final 'GL_UNPACK_SKIP_PIXELS' 'I' @536  3316 (0x00000cf4)
 - public static final 'GL_UNPACK_ALIGNMENT' 'I' @540  3317 (0x00000cf5)
 - public static final 'GL_PACK_SWAP_BYTES' 'I' @544  3328 (0x00000d00)
 - public static final 'GL_PACK_LSB_FIRST' 'I' @548  3329 (0x00000d01)
 - public static final 'GL_PACK_ROW_LENGTH' 'I' @552  3330 (0x00000d02)
 - public static final 'GL_PACK_SKIP_ROWS' 'I' @556  3331 (0x00000d03)
 - public static final 'GL_PACK_SKIP_PIXELS' 'I' @560  3332 (0x00000d04)
 - public static final 'GL_PACK_ALIGNMENT' 'I' @564  3333 (0x00000d05)
 - public static final 'GL_MAX_TEXTURE_SIZE' 'I' @568  3379 (0x00000d33)
 - public static final 'GL_MAX_VIEWPORT_DIMS' 'I' @572  3386 (0x00000d3a)
 - public static final 'GL_SUBPIXEL_BITS' 'I' @576  3408 (0x00000d50)
 - public static final 'GL_TEXTURE_1D' 'I' @580  3552 (0x00000de0)
 - public static final 'GL_TEXTURE_2D' 'I' @584  3553 (0x00000de1)
 - public static final 'GL_TEXTURE_WIDTH' 'I' @588  4096 (0x00001000)
 - public static final 'GL_TEXTURE_HEIGHT' 'I' @592  4097 (0x00001001)
 - public static final 'GL_TEXTURE_INTERNAL_FORMAT' 'I' @596  4099 (0x00001003)
 - public static final 'GL_TEXTURE_BORDER_COLOR' 'I' @600  4100 (0x00001004)
 - public static final 'GL_DONT_CARE' 'I' @604  4352 (0x00001100)
 - public static final 'GL_FASTEST' 'I' @608  4353 (0x00001101)
 - public static final 'GL_NICEST' 'I' @612  4354 (0x00001102)
 - public static final 'GL_CLEAR' 'I' @616  5376 (0x00001500)
 - public static final 'GL_AND' 'I' @620  5377 (0x00001501)
 - public static final 'GL_AND_REVERSE' 'I' @624  5378 (0x00001502)
 - public static final 'GL_COPY' 'I' @628  5379 (0x00001503)
 - public static final 'GL_AND_INVERTED' 'I' @632  5380 (0x00001504)
 - public static final 'GL_NOOP' 'I' @636  5381 (0x00001505)
 - public static final 'GL_XOR' 'I' @640  5382 (0x00001506)
 - public static final 'GL_OR' 'I' @644  5383 (0x00001507)
 - public static final 'GL_NOR' 'I' @648  5384 (0x00001508)
 - public static final 'GL_EQUIV' 'I' @652  5385 (0x00001509)
 - public static final 'GL_INVERT' 'I' @656  5386 (0x0000150a)
 - public static final 'GL_OR_REVERSE' 'I' @660  5387 (0x0000150b)
 - public static final 'GL_COPY_INVERTED' 'I' @664  5388 (0x0000150c)
 - public static final 'GL_OR_INVERTED' 'I' @668  5389 (0x0000150d)
 - public static final 'GL_NAND' 'I' @672  5390 (0x0000150e)
 - public static final 'GL_SET' 'I' @676  5391 (0x0000150f)
 - public static final 'GL_TEXTURE' 'I' @680  5890 (0x00001702)
 - public static final 'GL_COLOR' 'I' @684  6144 (0x00001800)
 - public static final 'GL_DEPTH' 'I' @688  6145 (0x00001801)
 - public static final 'GL_STENCIL' 'I' @692  6146 (0x00001802)
 - public static final 'GL_STENCIL_INDEX' 'I' @696  6401 (0x00001901)
 - public static final 'GL_DEPTH_COMPONENT' 'I' @700  6402 (0x00001902)
 - public static final 'GL_RED' 'I' @704  6403 (0x00001903)
 - public static final 'GL_GREEN' 'I' @708  6404 (0x00001904)
 - public static final 'GL_BLUE' 'I' @712  6405 (0x00001905)
 - public static final 'GL_ALPHA' 'I' @716  6406 (0x00001906)
 - public static final 'GL_RGB' 'I' @720  6407 (0x00001907)
 - public static final 'GL_RGBA' 'I' @724  6408 (0x00001908)
 - public static final 'GL_POINT' 'I' @728  6912 (0x00001b00)
 - public static final 'GL_LINE' 'I' @732  6913 (0x00001b01)
 - public static final 'GL_FILL' 'I' @736  6914 (0x00001b02)
 - public static final 'GL_KEEP' 'I' @740  7680 (0x00001e00)
 - public static final 'GL_REPLACE' 'I' @744  7681 (0x00001e01)
 - public static final 'GL_INCR' 'I' @748  7682 (0x00001e02)
 - public static final 'GL_DECR' 'I' @752  7683 (0x00001e03)
 - public static final 'GL_VENDOR' 'I' @756  7936 (0x00001f00)
 - public static final 'GL_RENDERER' 'I' @760  7937 (0x00001f01)
 - public static final 'GL_VERSION' 'I' @764  7938 (0x00001f02)
 - public static final 'GL_EXTENSIONS' 'I' @768  7939 (0x00001f03)
 - public static final 'GL_NEAREST' 'I' @772  9728 (0x00002600)
 - public static final 'GL_LINEAR' 'I' @776  9729 (0x00002601)
 - public static final 'GL_NEAREST_MIPMAP_NEAREST' 'I' @780  9984 (0x00002700)
 - public static final 'GL_LINEAR_MIPMAP_NEAREST' 'I' @784  9985 (0x00002701)
 - public static final 'GL_NEAREST_MIPMAP_LINEAR' 'I' @788  9986 (0x00002702)
 - public static final 'GL_LINEAR_MIPMAP_LINEAR' 'I' @792  9987 (0x00002703)
 - public static final 'GL_TEXTURE_MAG_FILTER' 'I' @796  10240 (0x00002800)
 - public static final 'GL_TEXTURE_MIN_FILTER' 'I' @800  10241 (0x00002801)
 - public static final 'GL_TEXTURE_WRAP_S' 'I' @804  10242 (0x00002802)
 - public static final 'GL_TEXTURE_WRAP_T' 'I' @808  10243 (0x00002803)
 - public static final 'GL_REPEAT' 'I' @812  10497 (0x00002901)
 - public static final 'GL_POLYGON_OFFSET_FACTOR' 'I' @816  32824 (0x00008038)
 - public static final 'GL_POLYGON_OFFSET_UNITS' 'I' @820  10752 (0x00002a00)
 - public static final 'GL_POLYGON_OFFSET_POINT' 'I' @824  10753 (0x00002a01)
 - public static final 'GL_POLYGON_OFFSET_LINE' 'I' @828  10754 (0x00002a02)
 - public static final 'GL_POLYGON_OFFSET_FILL' 'I' @832  32823 (0x00008037)
 - public static final 'GL_R3_G3_B2' 'I' @836  10768 (0x00002a10)
 - public static final 'GL_RGB4' 'I' @840  32847 (0x0000804f)
 - public static final 'GL_RGB5' 'I' @844  32848 (0x00008050)
 - public static final 'GL_RGB8' 'I' @848  32849 (0x00008051)
 - public static final 'GL_RGB10' 'I' @852  32850 (0x00008052)
 - public static final 'GL_RGB12' 'I' @856  32851 (0x00008053)
 - public static final 'GL_RGB16' 'I' @860  32852 (0x00008054)
 - public static final 'GL_RGBA2' 'I' @864  32853 (0x00008055)
 - public static final 'GL_RGBA4' 'I' @868  32854 (0x00008056)
 - public static final 'GL_RGB5_A1' 'I' @872  32855 (0x00008057)
 - public static final 'GL_RGBA8' 'I' @876  32856 (0x00008058)
 - public static final 'GL_RGB10_A2' 'I' @880  32857 (0x00008059)
 - public static final 'GL_RGBA12' 'I' @884  32858 (0x0000805a)
 - public static final 'GL_RGBA16' 'I' @888  32859 (0x0000805b)
 - public static final 'GL_TEXTURE_RED_SIZE' 'I' @892  32860 (0x0000805c)
 - public static final 'GL_TEXTURE_GREEN_SIZE' 'I' @896  32861 (0x0000805d)
 - public static final 'GL_TEXTURE_BLUE_SIZE' 'I' @900  32862 (0x0000805e)
 - public static final 'GL_TEXTURE_ALPHA_SIZE' 'I' @904  32863 (0x0000805f)
 - public static final 'GL_PROXY_TEXTURE_1D' 'I' @908  32867 (0x00008063)
 - public static final 'GL_PROXY_TEXTURE_2D' 'I' @912  32868 (0x00008064)
 - public static final 'GL_TEXTURE_BINDING_1D' 'I' @916  32872 (0x00008068)
 - public static final 'GL_TEXTURE_BINDING_2D' 'I' @920  32873 (0x00008069)
 - public static final 'GL_VERTEX_ARRAY' 'I' @924  32884 (0x00008074)
R12=0x0 is null
R13=0x000001e0de572000 is pointing into metadata
R14=0x0000008ce9bff690 is pointing into the stack for thread: 0x000001e0f9395bc0
R15=0x000001e0f9395bc0 is a thread

Top of Stack: (sp=0x0000008ce9bff5f8)
0x0000008ce9bff5f8:   000001e08f8cce0b 000001e0de572008
0x0000008ce9bff608:   0000000000000000 0000000000000000
0x0000008ce9bff618:   0000000000000000 000001e08f8cca9f
0x0000008ce9bff628:   0000008ce9bff628 000001e0de572000
0x0000008ce9bff638:   0000000000000004 000001e0de57ba98
0x0000008ce9bff648:   0000000000000000 00000006d5f53a38
0x0000008ce9bff658:   000001e0de572008 0000000000000000
0x0000008ce9bff668:   0000008ce9bff690 0000008ce9bff6e0
0x0000008ce9bff678:   000001e08f8c8846 00000006d5f53a38
0x0000008ce9bff688:   000001e08f8ca397 0000000000000de1
0x0000008ce9bff698:   0000008ce9bff698 000001e0de52f309
0x0000008ce9bff6a8:   0000000000000002 000001e0de55c1f0
0x0000008ce9bff6b8:   0000000000000000 00000006d5ece2a8
0x0000008ce9bff6c8:   000001e0de52f330 0000008ce9bff690
0x0000008ce9bff6d8:   0000008ce9bff6f0 0000008ce9bff740
0x0000008ce9bff6e8:   000001e08f8c8846 0000000000000de1
0x0000008ce9bff6f8:   0000008ce9bff6f8 000001e0de400a04
0x0000008ce9bff708:   000000000000001a 000001e0de40cc48
0x0000008ce9bff718:   0000000000000000 00000006d61e0630
0x0000008ce9bff728:   000001e0de400d00 0000008ce9bff6f0
0x0000008ce9bff738:   0000008ce9bff810 0000008ce9bff860
0x0000008ce9bff748:   000001e08f8c8846 0000000000000000
0x0000008ce9bff758:   0000000000000000 0000000000000000
0x0000008ce9bff768:   0000000000000000 0000000000000000
0x0000008ce9bff778:   0000000000000000 0000000000000000
0x0000008ce9bff788:   0000000000000000 0000000000000000
0x0000008ce9bff798:   0000000000000000 0000000000000000
0x0000008ce9bff7a8:   0000000000000000 0000000000000000
0x0000008ce9bff7b8:   0000000000000000 0000000000000000
0x0000008ce9bff7c8:   0000000000000000 0000000000000000
0x0000008ce9bff7d8:   0000000000000000 0000000000000000
0x0000008ce9bff7e8:   0000000000000000 0000000000000000 

Instructions: (pc=0x00007fff3564c53a)
0x00007fff3564c43a:   44 24 30 41 8b d1 44 8b 4c 24 38 8b cb 4c 8b 50
0x00007fff3564c44a:   18 5b 49 ff a2 40 0a 00 00 cc cc cc cc cc cc cc
0x00007fff3564c45a:   cc cc cc cc cc cc 48 8b 01 0f 28 cb f2 0f 10 5c
0x00007fff3564c46a:   24 30 0f 28 c2 f2 0f 10 54 24 28 48 8b 48 18 48
0x00007fff3564c47a:   ff a1 48 0a 00 00 48 8b 01 49 8b c8 48 8b 50 18
0x00007fff3564c48a:   48 ff a2 50 0a 00 00 cc cc cc cc cc cc cc cc cc
0x00007fff3564c49a:   cc cc cc cc cc cc 48 8b 01 49 8b c8 48 8b 50 18
0x00007fff3564c4aa:   48 ff a2 58 0a 00 00 cc cc cc cc cc cc cc cc cc
0x00007fff3564c4ba:   cc cc cc cc cc cc 48 8b 01 49 8b c8 48 8b 50 18
0x00007fff3564c4ca:   48 ff a2 60 0a 00 00 cc cc cc cc cc cc cc cc cc
0x00007fff3564c4da:   cc cc cc cc cc cc 48 8b 01 49 8b c8 48 8b 50 18
0x00007fff3564c4ea:   48 ff a2 68 0a 00 00 cc cc cc cc cc cc cc cc cc
0x00007fff3564c4fa:   cc cc cc cc cc cc 40 53 48 8b 01 41 8b d8 44 8b
0x00007fff3564c50a:   44 24 30 41 8b d1 4c 8b 4c 24 38 8b cb 4c 8b 50
0x00007fff3564c51a:   18 5b 49 ff a2 70 0a 00 00 cc cc cc cc cc cc cc
0x00007fff3564c52a:   cc cc cc cc cc cc 48 8b 01 41 8b c8 48 8b 50 18
0x00007fff3564c53a:   48 ff 22 cc cc cc 48 8b 01 41 8b c8 48 8b 50 18
0x00007fff3564c54a:   48 ff 62 08 cc cc 48 8b 01 41 8b d1 41 8b c8 4c
0x00007fff3564c55a:   8b 50 18 49 ff 62 38 cc cc cc cc cc cc cc cc cc
0x00007fff3564c56a:   cc cc cc cc cc cc 48 8b 01 41 8b d1 41 8b c8 4c
0x00007fff3564c57a:   8b 50 18 49 ff 62 48 cc cc cc cc cc cc cc cc cc
0x00007fff3564c58a:   cc cc cc cc cc cc 48 8b 01 41 8b c8 48 8b 50 18
0x00007fff3564c59a:   48 ff 62 60 cc cc 48 8b 01 0f 28 cb f3 0f 10 5c
0x00007fff3564c5aa:   24 30 0f 28 c2 f3 0f 10 54 24 28 48 8b 48 18 48
0x00007fff3564c5ba:   ff 61 70 cc cc cc 48 8b 01 0f 28 c2 48 8b 48 18
0x00007fff3564c5ca:   48 ff 61 78 cc cc 48 8b 01 41 8b c8 48 8b 50 18
0x00007fff3564c5da:   48 ff a2 88 00 00 00 cc cc cc cc cc cc cc cc cc
0x00007fff3564c5ea:   cc cc cc cc cc cc 40 53 48 8b 01 41 0f b6 d8 44
0x00007fff3564c5fa:   0f b6 44 24 30 41 0f b6 d1 44 0f b6 4c 24 38 0f
0x00007fff3564c60a:   b6 cb 4c 8b 50 18 5b 49 ff a2 98 01 00 00 cc cc
0x00007fff3564c61a:   cc cc cc cc cc cc 48 8b 01 41 8b c8 48 8b 50 18
0x00007fff3564c62a:   48 ff a2 b8 01 00 00 cc cc cc cc cc cc cc cc cc 


Stack slot to memory mapping:

stack at sp + 0 slots: 0x000001e08f8cce0b is at code_begin+1067 in an Interpreter codelet
native method entry point (kind = native)  [0x000001e08f8cc9e0, 0x000001e08f8cd508]  2856 bytes
stack at sp + 1 slots: {method} {0x000001e0de572010} 'glEnable' '(I)V' in 'org/lwjgl/opengl/GL11C'
stack at sp + 2 slots: 0x0 is null
stack at sp + 3 slots: 0x0 is null
stack at sp + 4 slots: 0x0 is null
stack at sp + 5 slots: 0x000001e08f8cca9f is at code_begin+191 in an Interpreter codelet
native method entry point (kind = native)  [0x000001e08f8cc9e0, 0x000001e08f8cd508]  2856 bytes
stack at sp + 6 slots: 0x0000008ce9bff628 is pointing into the stack for thread: 0x000001e0f9395bc0
stack at sp + 7 slots: 0x000001e0de572000 is pointing into metadata


---------------  P R O C E S S  ---------------

Threads class SMR info:
_java_thread_list=0x000001e09c5621c0, length=11, elements={
0x000001e0f9395bc0, 0x000001e0ff4a23e0, 0x000001e0ff4a34b0, 0x000001e0ff4a75c0,
0x000001e0ff4a9030, 0x000001e0ff4a9df0, 0x000001e0ff4aaa00, 0x000001e0ff4ab790,
0x000001e0ff4bd600, 0x000001e09c53eda0, 0x000001e09c53e710
}

Java Threads: ( => current thread )
=>0x000001e0f9395bc0 JavaThread "main"                              [_thread_in_native, id=16128, stack(0x0000008ce9b00000,0x0000008ce9c00000) (1024K)]
  0x000001e0ff4a23e0 JavaThread "Reference Handler"          daemon [_thread_blocked, id=17852, stack(0x0000008cea300000,0x0000008cea400000) (1024K)]
  0x000001e0ff4a34b0 JavaThread "Finalizer"                  daemon [_thread_blocked, id=2240, stack(0x0000008cea400000,0x0000008cea500000) (1024K)]
  0x000001e0ff4a75c0 JavaThread "Signal Dispatcher"          daemon [_thread_blocked, id=10196, stack(0x0000008cea500000,0x0000008cea600000) (1024K)]
  0x000001e0ff4a9030 JavaThread "Attach Listener"            daemon [_thread_blocked, id=11588, stack(0x0000008cea600000,0x0000008cea700000) (1024K)]
  0x000001e0ff4a9df0 JavaThread "Service Thread"             daemon [_thread_blocked, id=5972, stack(0x0000008cea700000,0x0000008cea800000) (1024K)]
  0x000001e0ff4aaa00 JavaThread "Monitor Deflation Thread"   daemon [_thread_blocked, id=3712, stack(0x0000008cea800000,0x0000008cea900000) (1024K)]
  0x000001e0ff4ab790 JavaThread "C2 CompilerThread0"         daemon [_thread_blocked, id=10412, stack(0x0000008cea900000,0x0000008ceaa00000) (1024K)]
  0x000001e0ff4bd600 JavaThread "C1 CompilerThread0"         daemon [_thread_blocked, id=4212, stack(0x0000008ceaa00000,0x0000008ceab00000) (1024K)]
  0x000001e09c53eda0 JavaThread "Notification Thread"        daemon [_thread_blocked, id=12452, stack(0x0000008ceab00000,0x0000008ceac00000) (1024K)]
  0x000001e09c53e710 JavaThread "Common-Cleaner"             daemon [_thread_blocked, id=14356, stack(0x0000008ceac00000,0x0000008cead00000) (1024K)]
Total: 11

Other Threads:
  0x000001e0ff4844d0 VMThread "VM Thread"                           [id=15728, stack(0x0000008cea200000,0x0000008cea300000) (1024K)]
  0x000001e0ff46af60 WatcherThread "VM Periodic Task Thread"        [id=13108, stack(0x0000008cea100000,0x0000008cea200000) (1024K)]
  0x000001e0f958f8d0 WorkerThread "GC Thread#0"                     [id=3952, stack(0x0000008ce9c00000,0x0000008ce9d00000) (1024K)]
  0x000001e0f959af90 ConcurrentGCThread "G1 Main Marker"            [id=5892, stack(0x0000008ce9d00000,0x0000008ce9e00000) (1024K)]
  0x000001e0f959ba90 WorkerThread "G1 Conc#0"                       [id=16172, stack(0x0000008ce9e00000,0x0000008ce9f00000) (1024K)]
  0x000001e0ff3453e0 ConcurrentGCThread "G1 Refine#0"               [id=6632, stack(0x0000008ce9f00000,0x0000008cea000000) (1024K)]
  0x000001e0f95e7250 ConcurrentGCThread "G1 Service"                [id=3312, stack(0x0000008cea000000,0x0000008cea100000) (1024K)]
Total: 7

Threads with active compile tasks:
Total: 0

VM state: not at safepoint (normal execution)

VM Mutex/Monitor currently owned by a thread: None

Heap address: 0x00000006c2400000, size: 5084 MB, Compressed Oops mode: Zero based, Oop shift amount: 3

CDS archive(s) mapped at: [0x000001e09d000000-0x000001e09dc90000-0x000001e09dc90000), size 13172736, SharedBaseAddress: 0x000001e09d000000, ArchiveRelocationMode: 1.
Compressed class space mapped at: 0x000001e09e000000-0x000001e0de000000, reserved size: 1073741824
Narrow klass base: 0x000001e09d000000, Narrow klass shift: 0, Narrow klass range: 0x100000000

GC Precious Log:
 CardTable entry size: 512
 Card Set container configuration: InlinePtr #cards 4 size 8 Array Of Cards #cards 32 size 80 Howl #buckets 8 coarsen threshold 7372 Howl Bitmap #cards 1024 size 144 coarsen threshold 921 Card regions per heap region 1 cards per card region 8192
 CPUs: 8 total, 8 available
 Memory: 20322M
 Large Page Support: Disabled
 NUMA Support: Disabled
 Compressed Oops: Enabled (Zero based)
 Heap Region Size: 4M
 Heap Min Capacity: 8M
 Heap Initial Capacity: 320M
 Heap Max Capacity: 5084M
 Pre-touch: Disabled
 Parallel Workers: 8
 Concurrent Workers: 2
 Concurrent Refinement Workers: 8
 Periodic GC: Disabled

Heap:
 garbage-first heap   total 327680K, used 4096K [0x00000006c2400000, 0x0000000800000000)
  region size 4096K, 2 young (8192K), 0 survivors (0K)
 Metaspace       used 2739K, committed 2944K, reserved 1114112K
  class space    used 145K, committed 256K, reserved 1048576K

Heap Regions: E=young(eden), S=young(survivor), O=old, HS=humongous(starts), HC=humongous(continues), CS=collection set, F=free, TAMS=top-at-mark-start, PB=parsable bottom
|   0|0x00000006c2400000, 0x00000006c2400000, 0x00000006c2800000|  0%| F|  |TAMS 0x00000006c2400000| PB 0x00000006c2400000| Untracked 
|   1|0x00000006c2800000, 0x00000006c2800000, 0x00000006c2c00000|  0%| F|  |TAMS 0x00000006c2800000| PB 0x00000006c2800000| Untracked 
|   2|0x00000006c2c00000, 0x00000006c2c00000, 0x00000006c3000000|  0%| F|  |TAMS 0x00000006c2c00000| PB 0x00000006c2c00000| Untracked 
|   3|0x00000006c3000000, 0x00000006c3000000, 0x00000006c3400000|  0%| F|  |TAMS 0x00000006c3000000| PB 0x00000006c3000000| Untracked 
|   4|0x00000006c3400000, 0x00000006c3400000, 0x00000006c3800000|  0%| F|  |TAMS 0x00000006c3400000| PB 0x00000006c3400000| Untracked 
|   5|0x00000006c3800000, 0x00000006c3800000, 0x00000006c3c00000|  0%| F|  |TAMS 0x00000006c3800000| PB 0x00000006c3800000| Untracked 
|   6|0x00000006c3c00000, 0x00000006c3c00000, 0x00000006c4000000|  0%| F|  |TAMS 0x00000006c3c00000| PB 0x00000006c3c00000| Untracked 
|   7|0x00000006c4000000, 0x00000006c4000000, 0x00000006c4400000|  0%| F|  |TAMS 0x00000006c4000000| PB 0x00000006c4000000| Untracked 
|   8|0x00000006c4400000, 0x00000006c4400000, 0x00000006c4800000|  0%| F|  |TAMS 0x00000006c4400000| PB 0x00000006c4400000| Untracked 
|   9|0x00000006c4800000, 0x00000006c4800000, 0x00000006c4c00000|  0%| F|  |TAMS 0x00000006c4800000| PB 0x00000006c4800000| Untracked 
|  10|0x00000006c4c00000, 0x00000006c4c00000, 0x00000006c5000000|  0%| F|  |TAMS 0x00000006c4c00000| PB 0x00000006c4c00000| Untracked 
|  11|0x00000006c5000000, 0x00000006c5000000, 0x00000006c5400000|  0%| F|  |TAMS 0x00000006c5000000| PB 0x00000006c5000000| Untracked 
|  12|0x00000006c5400000, 0x00000006c5400000, 0x00000006c5800000|  0%| F|  |TAMS 0x00000006c5400000| PB 0x00000006c5400000| Untracked 
|  13|0x00000006c5800000, 0x00000006c5800000, 0x00000006c5c00000|  0%| F|  |TAMS 0x00000006c5800000| PB 0x00000006c5800000| Untracked 
|  14|0x00000006c5c00000, 0x00000006c5c00000, 0x00000006c6000000|  0%| F|  |TAMS 0x00000006c5c00000| PB 0x00000006c5c00000| Untracked 
|  15|0x00000006c6000000, 0x00000006c6000000, 0x00000006c6400000|  0%| F|  |TAMS 0x00000006c6000000| PB 0x00000006c6000000| Untracked 
|  16|0x00000006c6400000, 0x00000006c6400000, 0x00000006c6800000|  0%| F|  |TAMS 0x00000006c6400000| PB 0x00000006c6400000| Untracked 
|  17|0x00000006c6800000, 0x00000006c6800000, 0x00000006c6c00000|  0%| F|  |TAMS 0x00000006c6800000| PB 0x00000006c6800000| Untracked 
|  18|0x00000006c6c00000, 0x00000006c6c00000, 0x00000006c7000000|  0%| F|  |TAMS 0x00000006c6c00000| PB 0x00000006c6c00000| Untracked 
|  19|0x00000006c7000000, 0x00000006c7000000, 0x00000006c7400000|  0%| F|  |TAMS 0x00000006c7000000| PB 0x00000006c7000000| Untracked 
|  20|0x00000006c7400000, 0x00000006c7400000, 0x00000006c7800000|  0%| F|  |TAMS 0x00000006c7400000| PB 0x00000006c7400000| Untracked 
|  21|0x00000006c7800000, 0x00000006c7800000, 0x00000006c7c00000|  0%| F|  |TAMS 0x00000006c7800000| PB 0x00000006c7800000| Untracked 
|  22|0x00000006c7c00000, 0x00000006c7c00000, 0x00000006c8000000|  0%| F|  |TAMS 0x00000006c7c00000| PB 0x00000006c7c00000| Untracked 
|  23|0x00000006c8000000, 0x00000006c8000000, 0x00000006c8400000|  0%| F|  |TAMS 0x00000006c8000000| PB 0x00000006c8000000| Untracked 
|  24|0x00000006c8400000, 0x00000006c8400000, 0x00000006c8800000|  0%| F|  |TAMS 0x00000006c8400000| PB 0x00000006c8400000| Untracked 
|  25|0x00000006c8800000, 0x00000006c8800000, 0x00000006c8c00000|  0%| F|  |TAMS 0x00000006c8800000| PB 0x00000006c8800000| Untracked 
|  26|0x00000006c8c00000, 0x00000006c8c00000, 0x00000006c9000000|  0%| F|  |TAMS 0x00000006c8c00000| PB 0x00000006c8c00000| Untracked 
|  27|0x00000006c9000000, 0x00000006c9000000, 0x00000006c9400000|  0%| F|  |TAMS 0x00000006c9000000| PB 0x00000006c9000000| Untracked 
|  28|0x00000006c9400000, 0x00000006c9400000, 0x00000006c9800000|  0%| F|  |TAMS 0x00000006c9400000| PB 0x00000006c9400000| Untracked 
|  29|0x00000006c9800000, 0x00000006c9800000, 0x00000006c9c00000|  0%| F|  |TAMS 0x00000006c9800000| PB 0x00000006c9800000| Untracked 
|  30|0x00000006c9c00000, 0x00000006c9c00000, 0x00000006ca000000|  0%| F|  |TAMS 0x00000006c9c00000| PB 0x00000006c9c00000| Untracked 
|  31|0x00000006ca000000, 0x00000006ca000000, 0x00000006ca400000|  0%| F|  |TAMS 0x00000006ca000000| PB 0x00000006ca000000| Untracked 
|  32|0x00000006ca400000, 0x00000006ca400000, 0x00000006ca800000|  0%| F|  |TAMS 0x00000006ca400000| PB 0x00000006ca400000| Untracked 
|  33|0x00000006ca800000, 0x00000006ca800000, 0x00000006cac00000|  0%| F|  |TAMS 0x00000006ca800000| PB 0x00000006ca800000| Untracked 
|  34|0x00000006cac00000, 0x00000006cac00000, 0x00000006cb000000|  0%| F|  |TAMS 0x00000006cac00000| PB 0x00000006cac00000| Untracked 
|  35|0x00000006cb000000, 0x00000006cb000000, 0x00000006cb400000|  0%| F|  |TAMS 0x00000006cb000000| PB 0x00000006cb000000| Untracked 
|  36|0x00000006cb400000, 0x00000006cb400000, 0x00000006cb800000|  0%| F|  |TAMS 0x00000006cb400000| PB 0x00000006cb400000| Untracked 
|  37|0x00000006cb800000, 0x00000006cb800000, 0x00000006cbc00000|  0%| F|  |TAMS 0x00000006cb800000| PB 0x00000006cb800000| Untracked 
|  38|0x00000006cbc00000, 0x00000006cbc00000, 0x00000006cc000000|  0%| F|  |TAMS 0x00000006cbc00000| PB 0x00000006cbc00000| Untracked 
|  39|0x00000006cc000000, 0x00000006cc000000, 0x00000006cc400000|  0%| F|  |TAMS 0x00000006cc000000| PB 0x00000006cc000000| Untracked 
|  40|0x00000006cc400000, 0x00000006cc400000, 0x00000006cc800000|  0%| F|  |TAMS 0x00000006cc400000| PB 0x00000006cc400000| Untracked 
|  41|0x00000006cc800000, 0x00000006cc800000, 0x00000006ccc00000|  0%| F|  |TAMS 0x00000006cc800000| PB 0x00000006cc800000| Untracked 
|  42|0x00000006ccc00000, 0x00000006ccc00000, 0x00000006cd000000|  0%| F|  |TAMS 0x00000006ccc00000| PB 0x00000006ccc00000| Untracked 
|  43|0x00000006cd000000, 0x00000006cd000000, 0x00000006cd400000|  0%| F|  |TAMS 0x00000006cd000000| PB 0x00000006cd000000| Untracked 
|  44|0x00000006cd400000, 0x00000006cd400000, 0x00000006cd800000|  0%| F|  |TAMS 0x00000006cd400000| PB 0x00000006cd400000| Untracked 
|  45|0x00000006cd800000, 0x00000006cd800000, 0x00000006cdc00000|  0%| F|  |TAMS 0x00000006cd800000| PB 0x00000006cd800000| Untracked 
|  46|0x00000006cdc00000, 0x00000006cdc00000, 0x00000006ce000000|  0%| F|  |TAMS 0x00000006cdc00000| PB 0x00000006cdc00000| Untracked 
|  47|0x00000006ce000000, 0x00000006ce000000, 0x00000006ce400000|  0%| F|  |TAMS 0x00000006ce000000| PB 0x00000006ce000000| Untracked 
|  48|0x00000006ce400000, 0x00000006ce400000, 0x00000006ce800000|  0%| F|  |TAMS 0x00000006ce400000| PB 0x00000006ce400000| Untracked 
|  49|0x00000006ce800000, 0x00000006ce800000, 0x00000006cec00000|  0%| F|  |TAMS 0x00000006ce800000| PB 0x00000006ce800000| Untracked 
|  50|0x00000006cec00000, 0x00000006cec00000, 0x00000006cf000000|  0%| F|  |TAMS 0x00000006cec00000| PB 0x00000006cec00000| Untracked 
|  51|0x00000006cf000000, 0x00000006cf000000, 0x00000006cf400000|  0%| F|  |TAMS 0x00000006cf000000| PB 0x00000006cf000000| Untracked 
|  52|0x00000006cf400000, 0x00000006cf400000, 0x00000006cf800000|  0%| F|  |TAMS 0x00000006cf400000| PB 0x00000006cf400000| Untracked 
|  53|0x00000006cf800000, 0x00000006cf800000, 0x00000006cfc00000|  0%| F|  |TAMS 0x00000006cf800000| PB 0x00000006cf800000| Untracked 
|  54|0x00000006cfc00000, 0x00000006cfc00000, 0x00000006d0000000|  0%| F|  |TAMS 0x00000006cfc00000| PB 0x00000006cfc00000| Untracked 
|  55|0x00000006d0000000, 0x00000006d0000000, 0x00000006d0400000|  0%| F|  |TAMS 0x00000006d0000000| PB 0x00000006d0000000| Untracked 
|  56|0x00000006d0400000, 0x00000006d0400000, 0x00000006d0800000|  0%| F|  |TAMS 0x00000006d0400000| PB 0x00000006d0400000| Untracked 
|  57|0x00000006d0800000, 0x00000006d0800000, 0x00000006d0c00000|  0%| F|  |TAMS 0x00000006d0800000| PB 0x00000006d0800000| Untracked 
|  58|0x00000006d0c00000, 0x00000006d0c00000, 0x00000006d1000000|  0%| F|  |TAMS 0x00000006d0c00000| PB 0x00000006d0c00000| Untracked 
|  59|0x00000006d1000000, 0x00000006d1000000, 0x00000006d1400000|  0%| F|  |TAMS 0x00000006d1000000| PB 0x00000006d1000000| Untracked 
|  60|0x00000006d1400000, 0x00000006d1400000, 0x00000006d1800000|  0%| F|  |TAMS 0x00000006d1400000| PB 0x00000006d1400000| Untracked 
|  61|0x00000006d1800000, 0x00000006d1800000, 0x00000006d1c00000|  0%| F|  |TAMS 0x00000006d1800000| PB 0x00000006d1800000| Untracked 
|  62|0x00000006d1c00000, 0x00000006d1c00000, 0x00000006d2000000|  0%| F|  |TAMS 0x00000006d1c00000| PB 0x00000006d1c00000| Untracked 
|  63|0x00000006d2000000, 0x00000006d2000000, 0x00000006d2400000|  0%| F|  |TAMS 0x00000006d2000000| PB 0x00000006d2000000| Untracked 
|  64|0x00000006d2400000, 0x00000006d2400000, 0x00000006d2800000|  0%| F|  |TAMS 0x00000006d2400000| PB 0x00000006d2400000| Untracked 
|  65|0x00000006d2800000, 0x00000006d2800000, 0x00000006d2c00000|  0%| F|  |TAMS 0x00000006d2800000| PB 0x00000006d2800000| Untracked 
|  66|0x00000006d2c00000, 0x00000006d2c00000, 0x00000006d3000000|  0%| F|  |TAMS 0x00000006d2c00000| PB 0x00000006d2c00000| Untracked 
|  67|0x00000006d3000000, 0x00000006d3000000, 0x00000006d3400000|  0%| F|  |TAMS 0x00000006d3000000| PB 0x00000006d3000000| Untracked 
|  68|0x00000006d3400000, 0x00000006d3400000, 0x00000006d3800000|  0%| F|  |TAMS 0x00000006d3400000| PB 0x00000006d3400000| Untracked 
|  69|0x00000006d3800000, 0x00000006d3800000, 0x00000006d3c00000|  0%| F|  |TAMS 0x00000006d3800000| PB 0x00000006d3800000| Untracked 
|  70|0x00000006d3c00000, 0x00000006d3c00000, 0x00000006d4000000|  0%| F|  |TAMS 0x00000006d3c00000| PB 0x00000006d3c00000| Untracked 
|  71|0x00000006d4000000, 0x00000006d4000000, 0x00000006d4400000|  0%| F|  |TAMS 0x00000006d4000000| PB 0x00000006d4000000| Untracked 
|  72|0x00000006d4400000, 0x00000006d4400000, 0x00000006d4800000|  0%| F|  |TAMS 0x00000006d4400000| PB 0x00000006d4400000| Untracked 
|  73|0x00000006d4800000, 0x00000006d4800000, 0x00000006d4c00000|  0%| F|  |TAMS 0x00000006d4800000| PB 0x00000006d4800000| Untracked 
|  74|0x00000006d4c00000, 0x00000006d4c00000, 0x00000006d5000000|  0%| F|  |TAMS 0x00000006d4c00000| PB 0x00000006d4c00000| Untracked 
|  75|0x00000006d5000000, 0x00000006d5000000, 0x00000006d5400000|  0%| F|  |TAMS 0x00000006d5000000| PB 0x00000006d5000000| Untracked 
|  76|0x00000006d5400000, 0x00000006d5400000, 0x00000006d5800000|  0%| F|  |TAMS 0x00000006d5400000| PB 0x00000006d5400000| Untracked 
|  77|0x00000006d5800000, 0x00000006d5800000, 0x00000006d5c00000|  0%| F|  |TAMS 0x00000006d5800000| PB 0x00000006d5800000| Untracked 
|  78|0x00000006d5c00000, 0x00000006d5f5b100, 0x00000006d6000000| 83%| E|  |TAMS 0x00000006d5c00000| PB 0x00000006d5c00000| Complete 
|  79|0x00000006d6000000, 0x00000006d6400000, 0x00000006d6400000|100%| E|CS|TAMS 0x00000006d6000000| PB 0x00000006d6000000| Complete 

Card table byte_map: [0x000001e0fc230000,0x000001e0fcc20000] _byte_map_base: 0x000001e0f8c1e000

Marking Bits: (CMBitMap*) 0x000001e0f95907e0
 Bits: [0x000001e097390000, 0x000001e09c300000)

Polling page: 0x000001e0f95f0000

Metaspace:

Usage:
  Non-class:      2.53 MB used.
      Class:    145.56 KB used.
       Both:      2.67 MB used.

Virtual space:
  Non-class space:       64.00 MB reserved,       2.62 MB (  4%) committed,  1 nodes.
      Class space:        1.00 GB reserved,     256.00 KB ( <1%) committed,  1 nodes.
             Both:        1.06 GB reserved,       2.88 MB ( <1%) committed. 

Chunk freelists:
   Non-Class:  10.50 MB
       Class:  15.67 MB
        Both:  26.17 MB

MaxMetaspaceSize: unlimited
CompressedClassSpaceSize: 1.00 GB
Initial GC threshold: 21.00 MB
Current GC threshold: 21.00 MB
CDS: on
 - commit_granule_bytes: 65536.
 - commit_granule_words: 8192.
 - virtual_space_node_default_size: 8388608.
 - enlarge_chunks_in_place: 1.
 - use_allocation_guard: 0.


Internal statistics:

num_allocs_failed_limit: 0.
num_arena_births: 62.
num_arena_deaths: 0.
num_vsnodes_births: 2.
num_vsnodes_deaths: 0.
num_space_committed: 46.
num_space_uncommitted: 0.
num_chunks_returned_to_freelist: 0.
num_chunks_taken_from_freelist: 135.
num_chunk_merges: 0.
num_chunk_splits: 90.
num_chunks_enlarged: 67.
num_inconsistent_stats: 0.

CodeHeap 'non-profiled nmethods': size=120000Kb used=152Kb max_used=152Kb free=119847Kb
 bounds [0x000001e08fe60000, 0x000001e0900d0000, 0x000001e097390000]
CodeHeap 'profiled nmethods': size=120000Kb used=733Kb max_used=733Kb free=119266Kb
 bounds [0x000001e088390000, 0x000001e088600000, 0x000001e08f8c0000]
CodeHeap 'non-nmethods': size=5760Kb used=2074Kb max_used=2088Kb free=3685Kb
 bounds [0x000001e08f8c0000, 0x000001e08fb30000, 0x000001e08fe60000]
 total_blobs=1561 nmethods=515 adapters=951
 compilation: enabled
              stopped_count=0, restarted_count=0
 full_count=0

Compilation events (20 events):
Event: 0.702 Thread 0x000001e0ff4bd600  502       3       sun.net.www.ParseUtil::firstEncodeIndex (86 bytes)
Event: 0.703 Thread 0x000001e0ff4bd600 nmethod 502 0x000001e088443610 code [0x000001e088443860, 0x000001e088444268]
Event: 0.710 Thread 0x000001e0ff4ab790  503       4       java.lang.String::hashCode (60 bytes)
Event: 0.711 Thread 0x000001e0ff4ab790 nmethod 503 0x000001e08fe84490 code [0x000001e08fe84660, 0x000001e08fe84990]
Event: 0.725 Thread 0x000001e0ff4bd600  504       3       java.util.regex.Pattern::peek (26 bytes)
Event: 0.725 Thread 0x000001e0ff4bd600 nmethod 504 0x000001e088444610 code [0x000001e0884447c0, 0x000001e088444a30]
Event: 0.730 Thread 0x000001e0ff4bd600  509       1       jdk.internal.loader.URLClassPath$Loader::getBaseURL (5 bytes)
Event: 0.730 Thread 0x000001e0ff4bd600 nmethod 509 0x000001e08fe85690 code [0x000001e08fe85820, 0x000001e08fe858f0]
Event: 0.730 Thread 0x000001e0ff4bd600  510       3       java.lang.StringLatin1::regionMatchesCI (45 bytes)
Event: 0.730 Thread 0x000001e0ff4bd600 nmethod 510 0x000001e088444b90 code [0x000001e088444d60, 0x000001e088445030]
Event: 0.731 Thread 0x000001e0ff4ab790  511       4       java.lang.String::getBytes (44 bytes)
Event: 0.732 Thread 0x000001e0ff4bd600  512       3       sun.misc.Unsafe::putLong (11 bytes)
Event: 0.732 Thread 0x000001e0ff4bd600 nmethod 512 0x000001e088445210 code [0x000001e0884453a0, 0x000001e0884454b0]
Event: 0.732 Thread 0x000001e0ff4bd600  513       3       org.lwjgl.system.MemoryUtil::memPutAddress (29 bytes)
Event: 0.732 Thread 0x000001e0ff4bd600 nmethod 513 0x000001e088445590 code [0x000001e088445740, 0x000001e088445938]
Event: 0.733 Thread 0x000001e0ff4ab790 nmethod 511 0x000001e08fe85990 code [0x000001e08fe85b20, 0x000001e08fe85c90]
Event: 0.733 Thread 0x000001e0ff4ab790  514       4       sun.misc.Unsafe::putLong (11 bytes)
Event: 0.733 Thread 0x000001e0ff4bd600  515   !   3       java.util.jar.JarFile::checkForSpecialAttributes (163 bytes)
Event: 0.733 Thread 0x000001e0ff4ab790 nmethod 514 0x000001e08fe85d90 code [0x000001e08fe85f20, 0x000001e08fe85fd0]
Event: 0.734 Thread 0x000001e0ff4bd600 nmethod 515 0x000001e088445a10 code [0x000001e088445d00, 0x000001e088446e68]

GC Heap History (0 events):
No events

Dll operation events (9 events):
Event: 0.006 Loaded shared library C:\Program Files\Java\jdk-21\bin\java.dll
Event: 0.033 Loaded shared library C:\Program Files\Java\jdk-21\bin\jsvml.dll
Event: 0.084 Loaded shared library C:\Program Files\Java\jdk-21\bin\net.dll
Event: 0.085 Loaded shared library C:\Program Files\Java\jdk-21\bin\nio.dll
Event: 0.091 Loaded shared library C:\Program Files\Java\jdk-21\bin\zip.dll
Event: 0.165 Loaded shared library C:\Program Files\Java\jdk-21\bin\jimage.dll
Event: 0.182 Loaded shared library C:\Users\Ram\AppData\Local\Temp\lwjgl_Ram\3.3.3+5\x64\lwjgl.dll
Event: 0.650 Loaded shared library C:\Program Files\Java\jdk-21\bin\verify.dll
Event: 0.693 Loaded shared library C:\Users\Ram\AppData\Local\Temp\lwjgl_Ram\3.3.3+5\x64\lwjgl_opengl.dll

Deoptimization events (20 events):
Event: 0.079 Thread 0x000001e0f9395bc0 Uncommon trap: trap_request=0xffffff45 fr.pc=0x000001e08fe616ec relative=0x00000000000000cc
Event: 0.079 Thread 0x000001e0f9395bc0 Uncommon trap: reason=unstable_if action=reinterpret pc=0x000001e08fe616ec method=java.lang.String.isLatin1()Z @ 10 c2
Event: 0.079 Thread 0x000001e0f9395bc0 DEOPT PACKING pc=0x000001e08fe616ec sp=0x0000008ce9bff350
Event: 0.079 Thread 0x000001e0f9395bc0 DEOPT UNPACKING pc=0x000001e08f9146a2 sp=0x0000008ce9bff290 mode 2
Event: 0.112 Thread 0x000001e0f9395bc0 DEOPT PACKING pc=0x000001e0883aa899 sp=0x0000008ce9bfa840
Event: 0.112 Thread 0x000001e0f9395bc0 DEOPT UNPACKING pc=0x000001e08f914e42 sp=0x0000008ce9bf9c60 mode 0
Event: 0.117 Thread 0x000001e0f9395bc0 DEOPT PACKING pc=0x000001e088398261 sp=0x0000008ce9bfa3f0
Event: 0.117 Thread 0x000001e0f9395bc0 DEOPT UNPACKING pc=0x000001e08f914e42 sp=0x0000008ce9bf9858 mode 0
Event: 0.148 Thread 0x000001e0f9395bc0 Uncommon trap: trap_request=0xffffff45 fr.pc=0x000001e08fe6747c relative=0x00000000000002bc
Event: 0.148 Thread 0x000001e0f9395bc0 Uncommon trap: reason=unstable_if action=reinterpret pc=0x000001e08fe6747c method=java.lang.StringLatin1.hashCode([B)I @ 2 c2
Event: 0.148 Thread 0x000001e0f9395bc0 DEOPT PACKING pc=0x000001e08fe6747c sp=0x0000008ce9bfb450
Event: 0.148 Thread 0x000001e0f9395bc0 DEOPT UNPACKING pc=0x000001e08f9146a2 sp=0x0000008ce9bfb388 mode 2
Event: 0.175 Thread 0x000001e0f9395bc0 Uncommon trap: trap_request=0xffffff45 fr.pc=0x000001e08fe68118 relative=0x0000000000000078
Event: 0.175 Thread 0x000001e0f9395bc0 Uncommon trap: reason=unstable_if action=reinterpret pc=0x000001e08fe68118 method=java.io.WinNTFileSystem.isSlash(C)Z @ 9 c2
Event: 0.175 Thread 0x000001e0f9395bc0 DEOPT PACKING pc=0x000001e08fe68118 sp=0x0000008ce9bfd5e0
Event: 0.175 Thread 0x000001e0f9395bc0 DEOPT UNPACKING pc=0x000001e08f9146a2 sp=0x0000008ce9bfd568 mode 2
Event: 0.180 Thread 0x000001e0f9395bc0 Uncommon trap: trap_request=0xffffff45 fr.pc=0x000001e08fe6c774 relative=0x0000000000000054
Event: 0.180 Thread 0x000001e0f9395bc0 Uncommon trap: reason=unstable_if action=reinterpret pc=0x000001e08fe6c774 method=sun.nio.fs.WindowsPathParser.isSlash(C)Z @ 9 c2
Event: 0.180 Thread 0x000001e0f9395bc0 DEOPT PACKING pc=0x000001e08fe6c774 sp=0x0000008ce9bfd6e0
Event: 0.180 Thread 0x000001e0f9395bc0 DEOPT UNPACKING pc=0x000001e08f9146a2 sp=0x0000008ce9bfd668 mode 2

Classes loaded (20 events):
Event: 0.196 Loading class java/nio/DirectDoubleBufferU
Event: 0.196 Loading class java/nio/DirectDoubleBufferU done
Event: 0.196 Loading class sun/misc/Unsafe
Event: 0.196 Loading class sun/misc/Unsafe done
Event: 0.197 Loading class java/lang/invoke/DirectMethodHandle$StaticAccessor
Event: 0.197 Loading class java/lang/invoke/DirectMethodHandle$StaticAccessor done
Event: 0.198 Loading class java/util/function/LongPredicate
Event: 0.198 Loading class java/util/function/LongPredicate done
Event: 0.200 Loading class java/lang/foreign/MemorySegment
Event: 0.200 Loading class java/lang/foreign/MemorySegment done
Event: 0.202 Loading class java/nio/InvalidMarkException
Event: 0.202 Loading class java/nio/InvalidMarkException done
Event: 0.203 Loading class java/nio/BufferUnderflowException
Event: 0.203 Loading class java/nio/BufferUnderflowException done
Event: 0.205 Loading class java/lang/IndexOutOfBoundsException
Event: 0.205 Loading class java/lang/IndexOutOfBoundsException done
Event: 0.648 Loading class java/io/Externalizable
Event: 0.649 Loading class java/io/Externalizable done
Event: 0.728 Loading class java/util/Formatter$FixedString
Event: 0.728 Loading class java/util/Formatter$FixedString done

Classes unloaded (0 events):
No events

Classes redefined (0 events):
No events

Internal exceptions (20 events):
Event: 0.159 Thread 0x000001e0f9395bc0 Exception <a 'java/lang/NoSuchMethodError'{0x00000006d5c9acc8}: 'java.lang.Object java.lang.invoke.DirectMethodHandle$Holder.invokeStatic(java.lang.Object, java.lang.Object, int)'> (0x00000006d5c9acc8) 
thrown [s\open\src\hotspot\share\interpreter\linkResolver.cpp, line 773]
Event: 0.160 Thread 0x000001e0f9395bc0 Exception <a 'java/lang/NoSuchMethodError'{0x00000006d5ca6370}: 'void java.lang.invoke.DelegatingMethodHandle$Holder.delegate(java.lang.Object, java.lang.Object, int, java.lang.Object)'> (0x00000006d5ca6370) 
thrown [s\open\src\hotspot\share\interpreter\linkResolver.cpp, line 773]
Event: 0.160 Thread 0x000001e0f9395bc0 Exception <a 'java/lang/NoSuchMethodError'{0x00000006d5caa258}: 'int java.lang.invoke.DirectMethodHandle$Holder.invokeSpecial(java.lang.Object, java.lang.Object, java.lang.Object)'> (0x00000006d5caa258) 
thrown [s\open\src\hotspot\share\interpreter\linkResolver.cpp, line 773]
Event: 0.163 Thread 0x000001e0f9395bc0 Exception <a 'java/lang/NoSuchMethodError'{0x00000006d5cc4740}: 'void java.lang.System.loadLibrary(java.lang.String, java.lang.Class)'> (0x00000006d5cc4740) 
thrown [s\open\src\hotspot\share\interpreter\linkResolver.cpp, line 773]
Event: 0.180 Thread 0x000001e0f9395bc0 Exception <a 'sun/nio/fs/WindowsException'{0x00000006d5cf3758}> (0x00000006d5cf3758) 
thrown [s\open\src\hotspot\share\prims\jni.cpp, line 520]
Event: 0.180 Thread 0x000001e0f9395bc0 Exception <a 'sun/nio/fs/WindowsException'{0x00000006d5cf3c68}> (0x00000006d5cf3c68) 
thrown [s\open\src\hotspot\share\prims\jni.cpp, line 520]
Event: 0.189 Thread 0x000001e0f9395bc0 Exception <a 'sun/nio/fs/WindowsException'{0x00000006d5d236b0}> (0x00000006d5d236b0) 
thrown [s\open\src\hotspot\share\prims\jni.cpp, line 520]
Event: 0.190 Thread 0x000001e0f9395bc0 Exception <a 'sun/nio/fs/WindowsException'{0x00000006d5d23a00}> (0x00000006d5d23a00) 
thrown [s\open\src\hotspot\share\prims\jni.cpp, line 520]
Event: 0.199 Thread 0x000001e0f9395bc0 Exception <a 'java/lang/NoSuchMethodError'{0x00000006d5d70a58}: 'int java.lang.invoke.DirectMethodHandle$Holder.invokeStaticInit(java.lang.Object, java.lang.Object, int, long)'> (0x00000006d5d70a58) 
thrown [s\open\src\hotspot\share\interpreter\linkResolver.cpp, line 773]
Event: 0.199 Thread 0x000001e0f9395bc0 Exception <a 'java/lang/NoSuchMethodError'{0x00000006d5d75a80}: 'java.lang.Object java.lang.invoke.DirectMethodHandle$Holder.newInvokeSpecial(java.lang.Object, java.lang.Object, int)'> (0x00000006d5d75a80) 
thrown [s\open\src\hotspot\share\interpreter\linkResolver.cpp, line 773]
Event: 0.201 Thread 0x000001e0f9395bc0 Exception <a 'java/lang/NoSuchMethodError'{0x00000006d5d84060}: 'int java.lang.invoke.DirectMethodHandle$Holder.invokeStaticInit(java.lang.Object, java.lang.Object, long, long)'> (0x00000006d5d84060) 
thrown [s\open\src\hotspot\share\interpreter\linkResolver.cpp, line 773]
Event: 0.201 Thread 0x000001e0f9395bc0 Exception <a 'java/lang/NoSuchMethodError'{0x00000006d5d898c8}: 'java.lang.Object java.lang.invoke.DirectMethodHandle$Holder.newInvokeSpecial(java.lang.Object, java.lang.Object, long)'> (0x00000006d5d898c8) 
thrown [s\open\src\hotspot\share\interpreter\linkResolver.cpp, line 773]
Event: 0.201 Thread 0x000001e0f9395bc0 Exception <a 'java/lang/NoSuchMethodError'{0x00000006d5d8d930}: 'java.lang.Object java.lang.invoke.Invokers$Holder.linkToTargetMethod(java.lang.Object, long, java.lang.Object)'> (0x00000006d5d8d930) 
thrown [s\open\src\hotspot\share\interpreter\linkResolver.cpp, line 773]
Event: 0.202 Thread 0x000001e0f9395bc0 Exception <a 'java/lang/NoSuchMethodError'{0x00000006d5d949f0}: 'int java.lang.invoke.DirectMethodHandle$Holder.invokeStaticInit(java.lang.Object, java.lang.Object, java.lang.Object, long)'> (0x00000006d5d949f0) 
thrown [s\open\src\hotspot\share\interpreter\linkResolver.cpp, line 773]
Event: 0.683 Thread 0x000001e0f9395bc0 Exception <a 'java/lang/NoSuchMethodError'{0x00000006d5eeb400}: 'void java.lang.System.load(java.lang.String, java.lang.Class)'> (0x00000006d5eeb400) 
thrown [s\open\src\hotspot\share\interpreter\linkResolver.cpp, line 773]
Event: 0.684 Thread 0x000001e0f9395bc0 Exception <a 'java/lang/NoSuchMethodError'{0x00000006d5eedda0}: 'void java.lang.System.loadLibrary(java.lang.String, java.lang.Class)'> (0x00000006d5eedda0) 
thrown [s\open\src\hotspot\share\interpreter\linkResolver.cpp, line 773]
Event: 0.691 Thread 0x000001e0f9395bc0 Exception <a 'sun/nio/fs/WindowsException'{0x00000006d5eff8f0}> (0x00000006d5eff8f0) 
thrown [s\open\src\hotspot\share\prims\jni.cpp, line 520]
Event: 0.691 Thread 0x000001e0f9395bc0 Exception <a 'sun/nio/fs/WindowsException'{0x00000006d5effc78}> (0x00000006d5effc78) 
thrown [s\open\src\hotspot\share\prims\jni.cpp, line 520]
Event: 0.697 Thread 0x000001e0f9395bc0 Exception <a 'sun/nio/fs/WindowsException'{0x00000006d5f0e518}> (0x00000006d5f0e518) 
thrown [s\open\src\hotspot\share\prims\jni.cpp, line 520]
Event: 0.697 Thread 0x000001e0f9395bc0 Exception <a 'sun/nio/fs/WindowsException'{0x00000006d5f0e7d8}> (0x00000006d5f0e7d8) 
thrown [s\open\src\hotspot\share\prims\jni.cpp, line 520]

ZGC Phase Switch (0 events):
No events

VM Operations (2 events):
Event: 0.091 Executing VM operation: HandshakeAllThreads (Deoptimize)
Event: 0.091 Executing VM operation: HandshakeAllThreads (Deoptimize) done

Events (11 events):
Event: 0.019 Thread 0x000001e0f9395bc0 Thread added: 0x000001e0f9395bc0
Event: 0.031 Thread 0x000001e0ff4a23e0 Thread added: 0x000001e0ff4a23e0
Event: 0.031 Thread 0x000001e0ff4a34b0 Thread added: 0x000001e0ff4a34b0
Event: 0.032 Thread 0x000001e0ff4a75c0 Thread added: 0x000001e0ff4a75c0
Event: 0.032 Thread 0x000001e0ff4a9030 Thread added: 0x000001e0ff4a9030
Event: 0.032 Thread 0x000001e0ff4a9df0 Thread added: 0x000001e0ff4a9df0
Event: 0.032 Thread 0x000001e0ff4aaa00 Thread added: 0x000001e0ff4aaa00
Event: 0.032 Thread 0x000001e0ff4ab790 Thread added: 0x000001e0ff4ab790
Event: 0.032 Thread 0x000001e0ff4bd600 Thread added: 0x000001e0ff4bd600
Event: 0.078 Thread 0x000001e09c53eda0 Thread added: 0x000001e09c53eda0
Event: 0.080 Thread 0x000001e09c53e710 Thread added: 0x000001e09c53e710


Dynamic libraries:
0x00007ff6f67c0000 - 0x00007ff6f67d0000 	C:\Program Files\Java\jdk-21\bin\javaw.exe
0x00007fff4c3f0000 - 0x00007fff4c5e7000 	C:\windows\SYSTEM32\ntdll.dll
0x00007fff4ada0000 - 0x00007fff4ae5d000 	C:\windows\System32\KERNEL32.DLL
0x00007fff49cd0000 - 0x00007fff49fc6000 	C:\windows\System32\KERNELBASE.dll
0x00007fff4a320000 - 0x00007fff4a420000 	C:\windows\System32\ucrtbase.dll
0x00007fff3e010000 - 0x00007fff3e02b000 	C:\Program Files\Java\jdk-21\bin\VCRUNTIME140.dll
0x00007fff43510000 - 0x00007fff43529000 	C:\Program Files\Java\jdk-21\bin\jli.dll
0x00007fff4bb30000 - 0x00007fff4bbde000 	C:\windows\System32\ADVAPI32.dll
0x00007fff4acf0000 - 0x00007fff4ad8e000 	C:\windows\System32\msvcrt.dll
0x00007fff4b9e0000 - 0x00007fff4ba7c000 	C:\windows\System32\sechost.dll
0x00007fff4a4b0000 - 0x00007fff4a5d6000 	C:\windows\System32\RPCRT4.dll
0x00007fff4b5b0000 - 0x00007fff4b74e000 	C:\windows\System32\USER32.dll
0x00007fff3cbf0000 - 0x00007fff3ce8a000 	C:\windows\WinSxS\amd64_microsoft.windows.common-controls_6595b64144ccf1df_6.0.19041.3570_none_60bb2a3971f3e41a\COMCTL32.dll
0x00007fff4a420000 - 0x00007fff4a442000 	C:\windows\System32\win32u.dll
0x00007fff4aa50000 - 0x00007fff4aa7c000 	C:\windows\System32\GDI32.dll
0x00007fff49ad0000 - 0x00007fff49bea000 	C:\windows\System32\gdi32full.dll
0x00007fff4a1d0000 - 0x00007fff4a26d000 	C:\windows\System32\msvcp_win.dll
0x00007fff40d50000 - 0x00007fff40d5a000 	C:\windows\SYSTEM32\VERSION.dll
0x00007fff4aa80000 - 0x00007fff4aab0000 	C:\windows\System32\IMM32.DLL
0x00007fff412a0000 - 0x00007fff412ac000 	C:\Program Files\Java\jdk-21\bin\vcruntime140_1.dll
0x00007fff138f0000 - 0x00007fff1397e000 	C:\Program Files\Java\jdk-21\bin\msvcp140.dll
0x00007ffeddeb0000 - 0x00007ffedebc5000 	C:\Program Files\Java\jdk-21\bin\server\jvm.dll
0x00007fff4ac80000 - 0x00007fff4aceb000 	C:\windows\System32\WS2_32.dll
0x00007fff49410000 - 0x00007fff4945b000 	C:\windows\SYSTEM32\POWRPROF.dll
0x00007fff3d050000 - 0x00007fff3d077000 	C:\windows\SYSTEM32\WINMM.dll
0x00007fff492d0000 - 0x00007fff492e2000 	C:\windows\SYSTEM32\UMPDC.dll
0x00007fff47970000 - 0x00007fff47982000 	C:\windows\SYSTEM32\kernel.appcore.dll
0x00007fff40fe0000 - 0x00007fff40fea000 	C:\Program Files\Java\jdk-21\bin\jimage.dll
0x00007fff2fd10000 - 0x00007fff2fef4000 	C:\windows\SYSTEM32\DBGHELP.DLL
0x00007fff30380000 - 0x00007fff303b4000 	C:\windows\SYSTEM32\dbgcore.DLL
0x00007fff49bf0000 - 0x00007fff49c72000 	C:\windows\System32\bcryptPrimitives.dll
0x00007fff3bde0000 - 0x00007fff3bdff000 	C:\Program Files\Java\jdk-21\bin\java.dll
0x00007fff4bbe0000 - 0x00007fff4c324000 	C:\windows\System32\SHELL32.dll
0x00007fff47b70000 - 0x00007fff4830b000 	C:\windows\SYSTEM32\windows.storage.dll
0x00007fff4b230000 - 0x00007fff4b584000 	C:\windows\System32\combase.dll
0x00007fff49510000 - 0x00007fff4953d000 	C:\windows\SYSTEM32\Wldp.dll
0x00007fff4aab0000 - 0x00007fff4ab5d000 	C:\windows\System32\SHCORE.dll
0x00007fff4b8f0000 - 0x00007fff4b945000 	C:\windows\System32\shlwapi.dll
0x00007fff49a00000 - 0x00007fff49a25000 	C:\windows\SYSTEM32\profapi.dll
0x00007fff13810000 - 0x00007fff138e7000 	C:\Program Files\Java\jdk-21\bin\jsvml.dll
0x00007fff3f340000 - 0x00007fff3f350000 	C:\Program Files\Java\jdk-21\bin\net.dll
0x00007fff40900000 - 0x00007fff40a0a000 	C:\windows\SYSTEM32\WINHTTP.dll
0x00007fff49200000 - 0x00007fff4926a000 	C:\windows\system32\mswsock.dll
0x00007fff3bdc0000 - 0x00007fff3bdd6000 	C:\Program Files\Java\jdk-21\bin\nio.dll
0x00007fff3bda0000 - 0x00007fff3bdb8000 	C:\Program Files\Java\jdk-21\bin\zip.dll
0x00007fff26cc0000 - 0x00007fff26d3b000 	C:\Users\Ram\AppData\Local\Temp\lwjgl_Ram\3.3.3+5\x64\lwjgl.dll
0x00007fff26c30000 - 0x00007fff26cb2000 	C:\Users\Ram\AppData\Local\Temp\lwjgl_Ram\3.3.3+5\x64\glfw.dll
0x00007fff367a0000 - 0x00007fff367e5000 	C:\windows\SYSTEM32\dinput8.dll
0x00007fff41490000 - 0x00007fff414a1000 	C:\windows\SYSTEM32\xinput1_4.dll
0x00007fff49c80000 - 0x00007fff49cce000 	C:\windows\System32\cfgmgr32.dll
0x00007fff49860000 - 0x00007fff49893000 	C:\windows\SYSTEM32\DEVOBJ.dll
0x00007fff47790000 - 0x00007fff477bf000 	C:\windows\SYSTEM32\dwmapi.dll
0x00007fff367f0000 - 0x00007fff36942000 	C:\windows\SYSTEM32\inputhost.dll
0x00007fff4b750000 - 0x00007fff4b81d000 	C:\windows\System32\OLEAUT32.dll
0x00007fff458d0000 - 0x00007fff45a25000 	C:\windows\SYSTEM32\wintypes.dll
0x00007fff46f90000 - 0x00007fff47082000 	C:\windows\SYSTEM32\CoreMessaging.dll
0x00007fff45600000 - 0x00007fff456f6000 	C:\windows\SYSTEM32\PROPSYS.dll
0x00007fff46c30000 - 0x00007fff46f8b000 	C:\windows\SYSTEM32\CoreUIComponents.dll
0x00007fff48bd0000 - 0x00007fff48c03000 	C:\windows\SYSTEM32\ntmarta.dll
0x00007fff474a0000 - 0x00007fff4753e000 	C:\windows\system32\uxtheme.dll
0x00007fff4ab60000 - 0x00007fff4ac74000 	C:\windows\System32\MSCTF.dll
0x00007fff3b6a0000 - 0x00007fff3b7c5000 	C:\windows\SYSTEM32\opengl32.dll
0x00007fff412c0000 - 0x00007fff412ec000 	C:\windows\SYSTEM32\GLU32.dll
0x00007fff4ba80000 - 0x00007fff4bb29000 	C:\windows\System32\clbcatq.dll
0x00007ffed8c80000 - 0x00007ffedb3a4000 	C:\Windows\System32\DriverStore\FileRepository\nvaci.inf_amd64_6454b1463df94b07\nvoglv64.dll
0x00007fff4a5e0000 - 0x00007fff4aa4e000 	C:\windows\System32\SETUPAPI.dll
0x00007fff4a1a0000 - 0x00007fff4a1c7000 	C:\windows\System32\bcrypt.dll
0x00007fff4b010000 - 0x00007fff4b13b000 	C:\windows\System32\ole32.dll
0x00007fff45760000 - 0x00007fff45774000 	C:\windows\SYSTEM32\WTSAPI32.dll
0x00007fff4a130000 - 0x00007fff4a197000 	C:\windows\System32\WINTRUST.dll
0x00007fff49fd0000 - 0x00007fff4a12d000 	C:\windows\System32\CRYPT32.dll
0x00007fff496a0000 - 0x00007fff496b2000 	C:\windows\System32\MSASN1.dll
0x00007fff44160000 - 0x00007fff4419b000 	C:\windows\SYSTEM32\dxcore.dll
0x00007fff1ffc0000 - 0x00007fff20214000 	C:\windows\system32\nvspcap64.dll
0x00007fff48e00000 - 0x00007fff48e5b000 	C:\windows\SYSTEM32\WINSTA.dll
0x00007fff48370000 - 0x00007fff48463000 	C:\windows\SYSTEM32\dxgi.dll
0x00007fff46450000 - 0x00007fff466b3000 	C:\windows\SYSTEM32\d3d11.dll
0x00007fff21c50000 - 0x00007fff21d3f000 	C:\Windows\System32\DriverStore\FileRepository\nvaci.inf_amd64_6454b1463df94b07\nvldumdx.dll
0x00007fff40b90000 - 0x00007fff40bc1000 	C:\windows\SYSTEM32\cryptnet.dll
0x00007fff49460000 - 0x00007fff4946c000 	C:\windows\SYSTEM32\cryptbase.dll
0x00007fff4b590000 - 0x00007fff4b5ad000 	C:\windows\System32\imagehlp.dll
0x00007fff49470000 - 0x00007fff49488000 	C:\windows\System32\CRYPTSP.dll
0x00007fff48ab0000 - 0x00007fff48ae4000 	C:\windows\system32\rsaenh.dll
0x00007ffef15c0000 - 0x00007ffef3d94000 	C:\Windows\System32\DriverStore\FileRepository\nvaci.inf_amd64_6454b1463df94b07\nvwgf2umx.dll
0x00007fff3c270000 - 0x00007fff3c756000 	C:\windows\SYSTEM32\nvapi64.dll
0x00007fff411a0000 - 0x00007fff4129a000 	C:\windows\SYSTEM32\textinputframework.dll
0x00007fff3bcc0000 - 0x00007fff3bcd0000 	C:\Program Files\Java\jdk-21\bin\verify.dll
0x00007fff35640000 - 0x00007fff3569e000 	C:\Users\Ram\AppData\Local\Temp\lwjgl_Ram\3.3.3+5\x64\lwjgl_opengl.dll

dbghelp: loaded successfully - version: 4.0.5 - missing functions: none
symbol engine: initialized successfully - sym options: 0x614 - pdb path: .;C:\Program Files\Java\jdk-21\bin;C:\windows\SYSTEM32;C:\windows\WinSxS\amd64_microsoft.windows.common-controls_6595b64144ccf1df_6.0.19041.3570_none_60bb2a3971f3e41a;C:\Program Files\Java\jdk-21\bin\server;C:\Users\Ram\AppData\Local\Temp\lwjgl_Ram\3.3.3+5\x64;C:\Windows\System32\DriverStore\FileRepository\nvaci.inf_amd64_6454b1463df94b07

VM Arguments:
jvm_args: -Dfile.encoding=UTF-8 -Dstdout.encoding=UTF-8 -Dstderr.encoding=UTF-8 -XX:+ShowCodeDetailsInExceptionMessages 
java_command: main
java_class_path (initial): C:\Users\Ram\Desktop\Java\my-java-journey\Games\practice\bin;C:\Users\Ram\Desktop\Java\my-java-journey\Games\practice\libs\lwjgl\lwjgl.jar;C:\Users\Ram\Desktop\Java\my-java-journey\Games\practice\libs\lwjgl-assimp\lwjgl-assimp.jar;C:\Users\Ram\Desktop\Java\my-java-journey\Games\practice\libs\lwjgl-assimp\lwjgl-assimp-javadoc.jar;C:\Users\Ram\Desktop\Java\my-java-journey\Games\practice\libs\lwjgl-assimp\lwjgl-assimp-natives-linux.jar;C:\Users\Ram\Desktop\Java\my-java-journey\Games\practice\libs\lwjgl-assimp\lwjgl-assimp-natives-linux-arm32.jar;C:\Users\Ram\Desktop\Java\my-java-journey\Games\practice\libs\lwjgl-assimp\lwjgl-assimp-natives-linux-arm64.jar;C:\Users\Ram\Desktop\Java\my-java-journey\Games\practice\libs\lwjgl-assimp\lwjgl-assimp-natives-macos.jar;C:\Users\Ram\Desktop\Java\my-java-journey\Games\practice\libs\lwjgl-assimp\lwjgl-assimp-natives-macos-arm64.jar;C:\Users\Ram\Desktop\Java\my-java-journey\Games\practice\libs\lwjgl-assimp\lwjgl-assimp-natives-windows.jar;C:\Users\Ram\Desktop\Java\my-java-journey\Games\practice\libs\lwjgl-assimp\lwjgl-assimp-natives-windows-arm64.jar;C:\Users\Ram\Desktop\Java\my-java-journey\Games\practice\libs\lwjgl-assimp\lwjgl-assimp-natives-windows-x86.jar;C:\Users\Ram\Desktop\Java\my-java-journey\Games\practice\libs\lwjgl-assimp\lwjgl-assimp-sources.jar;C:\Users\Ram\Desktop\Java\my-java-journey\Games\practice\libs\lwjgl-glfw\lwjgl-glfw.jar;C:\Users\Ram\Desktop\Java\my-java-journey\Games\practice\libs\lwjgl-glfw\lwjgl-glfw-javadoc.jar;C:\Users\Ram\Desktop\Java\my-java-journey\Games\practice\libs\lwjgl-glfw\lwjgl-glfw-natives-linux.jar;C:\Users\Ram\Desktop\Java\my-java-journey\Games\practice\libs\lwjgl-glfw\lwjgl-glfw-natives-linux-arm32.jar;C:\Users\Ram\Desktop\Java\my-java-journey\Games\practice\libs\lwjgl-glfw\lwjgl-glfw-natives-linux-arm64.jar;C:\Users\Ram\Desktop\Java\my-java-journey\Games\practice\libs\lwjgl-glfw\lwjgl-glfw-natives-macos.jar;C:\Users\Ram\Desktop\Java\my-java-journey\Games\practice\libs\lwjgl-glfw\lwjgl-glfw-natives-macos-arm64.jar;C:\Users\Ram\Desktop\Java\my-java-journey\Games\practice\libs\lwjgl-glfw\lwjgl-glfw-natives-windows.jar;C:\Users\Ram\Desktop\Java\my-java-journey\Games\practice\libs\lwjgl-glfw\lwjgl-glfw-natives-windows-arm64.jar;C:\Users\Ram\Desktop\Java\my-java-journey\Games\practice\libs\lwjgl-glfw\lwjgl-glfw-natives-windows-x86.jar;C:\Users\Ram\Desktop\Java\my-java-journey\Games\practice\libs\lwjgl-glfw\lwjgl-glfw-sources.jar;C:\Users\Ram\Desktop\Java\my-java-journey\Games\practice\libs\lwjgl\lwjgl-javadoc.jar;C:\Users\Ram\Desktop\Java\my-java-journey\Games\practice\libs\lwjgl\lwjgl-natives-linux.jar;C:\Users\Ram\Desktop\Java\my-java-journey\Games\practice\libs\lwjgl\lwjgl-natives-linux-arm32.jar;C:\Users\Ram\Desktop\Java\my-java-journey\Games\practice\libs\lwjgl\lwjgl-natives-linux-arm64.jar;C:\Users\Ram\Desktop\Java\my-java-journey\Games\practice\libs\lwjgl\lwjgl-natives-macos.jar;C:\Users\Ram\Desktop\Java\my-java-journey\Games\practice\libs\lwjgl\lwjgl-natives-macos-arm64.jar;C:\Users\Ram\Desktop\Java\my-java-journey\Games\practice\libs\lwjgl\lwjgl-natives-windows.jar;C:\Users\Ram\Desktop\Java\my-java-journey\Games\practice\libs\lwjgl\lwjgl-natives-windows-arm64.jar;C:\Users\Ram\Desktop\Java\my-java-journey\Games\practice\libs\lwjgl\lwjgl-natives-windows-x86.jar;C:\Users\Ram\Desktop\Java\my-java-journey\Games\practice\libs\lwjgl-openal\lwjgl-openal.jar;C:\Users\Ram\Desktop\Java\my-java-journey\Games\practice\libs\lwjgl-openal\lwjgl-openal-javadoc.jar;C:\Users\Ram\Desktop\Java\my-java-journey\Games\practice\libs\lwjgl-openal\lwjgl-openal-natives-linux.jar;C:\Users\Ram\Desktop\Java\my-java-journey\Games\practice\libs\lwjgl-openal\lwjgl-openal-natives-linux-arm32.jar;C:\Users\Ram\Desktop\Java\my-java-journey\Games\practice\libs\lwjgl-openal\lwjgl-openal-natives-linux-arm64.jar;C:\Users\Ram\Desktop\Java\my-java-journey\Games\practice\libs\lwjgl-openal\lwjgl-openal-natives-macos.jar;C:\Users\Ram\Desktop\Java\my-java-journey\Games\practice\libs\lwjgl-openal\lwjgl-openal-natives-macos-arm64.jar;C:\Users\Ram\Desktop\Java\my-java-journey\Games\practice\libs\lwjgl-openal\lwjgl-openal-natives-windows.jar;C:\Users\Ram\Desktop\Java\my-java-journey\Games\practice\libs\lwjgl-openal\lwjgl-openal-natives-windows-arm64.jar;C:\Users\Ram\Desktop\Java\my-java-journey\Games\practice\libs\lwjgl-openal\lwjgl-openal-natives-windows-x86.jar;C:\Users\Ram\Desktop\Java\my-java-journey\Games\practice\libs\lwjgl-openal\lwjgl-openal-sources.jar;C:\Users\Ram\Desktop\Java\my-java-journey\Games\practice\libs\lwjgl-opengl\lwjgl-opengl.jar;C:\Users\Ram\Desktop\Java\my-java-journey\Games\practice\libs\lwjgl-opengl\lwjgl-opengl-javadoc.jar;C:\Users\Ram\Desktop\Java\my-java-journey\Games\practice\libs\lwjgl-opengl\lwjgl-opengl-natives-linux.jar;C:\Users\Ram\Desktop\Java\my-java-journey\Games\practice\libs\lwjgl-opengl\lwjgl-opengl-natives-linux-arm32.jar;C:\Users\Ram\Desktop\Java\my-java-journey\Games\practice\libs\lwjgl-opengl\lwjgl-opengl-natives-linux-arm64.jar;C:\Users\Ram\Desktop\Java\my-java-journey\Games\practice\libs\lwjgl-opengl\lwjgl-opengl-natives-macos.jar;C:\Users\Ram\Desktop\Java\my-java-journey\Games\practice\libs\lwjgl-opengl\lwjgl-opengl-natives-macos-arm64.jar;C:\Users\Ram\Desktop\Java\my-java-journey\Games\practice\libs\lwjgl-opengl\lwjgl-opengl-natives-windows.jar;C:\Users\Ram\Desktop\Java\my-java-journey\Games\practice\libs\lwjgl-opengl\lwjgl-opengl-natives-windows-arm64.jar;C:\Users\Ram\Desktop\Java\my-java-journey\Games\practice\libs\lwjgl-opengl\lwjgl-opengl-natives-windows-x86.jar;C:\Users\Ram\Desktop\Java\my-java-journey\Games\practice\libs\lwjgl-opengl\lwjgl-opengl-sources.jar;C:\Users\Ram\Desktop\Java\my-java-journey\Games\practice\libs\lwjgl\lwjgl-sources.jar;C:\Users\Ram\Desktop\Java\my-java-journey\Games\practice\libs\lwjgl-stb\lwjgl-stb.jar;C:\Users\Ram\Desktop\Java\my-java-journey\Games\practice\libs\lwjgl-stb\lwjgl-stb-javadoc.jar;C:\Users\Ram\Desktop\Java\my-java-journey\Games\practice\libs\lwjgl-stb\lwjgl-stb-natives-linux.jar;C:\Users\Ram\Desktop\Java\my-java-journey\Games\practice\libs\lwjgl-stb\lwjgl-stb-natives-linux-arm32.jar;C:\Users\Ram\Desktop\Java\my-java-journey\Games\practice\libs\lwjgl-stb\lwjgl-stb-natives-linux-arm64.jar;C:\Users\Ram\Desktop\Java\my-java-journey\Games\practice\libs\lwjgl-stb\lwjgl-stb-natives-macos.jar;C:\Users\Ram\Desktop\Java\my-java-journey\Games\practice\libs\lwjgl-stb\lwjgl-stb-natives-macos-arm64.jar;C:\Users\Ram\Desktop\Java\my-java-journey\Games\practice\libs\lwjgl-stb\lwjgl-stb-natives-windows.jar;C:\Users\Ram\Desktop\Java\my-java-journey\Games\practice\libs\lwjgl-stb\lwjgl-stb-natives-windows-arm64.jar;C:\Users\Ram\Desktop\Java\my-java-journey\Games\practice\libs\lwjgl-stb\lwjgl-stb-natives-windows-x86.jar;C:\Users\Ram\Desktop\Java\my-java-journey\Games\practice\libs\lwjgl-stb\lwjgl-stb-sources.jar;C:\Users\Ram\Desktop\Java\my-java-journey\Games\practice\libs\joml-1.9.9.jar
Launcher Type: SUN_STANDARD

[Global flags]
     intx CICompilerCount                          = 4                                         {product} {ergonomic}
     uint ConcGCThreads                            = 2                                         {product} {ergonomic}
     uint G1ConcRefinementThreads                  = 8                                         {product} {ergonomic}
   size_t G1HeapRegionSize                         = 4194304                                   {product} {ergonomic}
    uintx GCDrainStackTargetSize                   = 64                                        {product} {ergonomic}
   size_t InitialHeapSize                          = 335544320                                 {product} {ergonomic}
   size_t MarkStackSize                            = 4194304                                   {product} {ergonomic}
   size_t MaxHeapSize                              = 5330960384                                {product} {ergonomic}
   size_t MaxNewSize                               = 3196059648                                {product} {ergonomic}
   size_t MinHeapDeltaBytes                        = 4194304                                   {product} {ergonomic}
   size_t MinHeapSize                              = 8388608                                   {product} {ergonomic}
    uintx NonNMethodCodeHeapSize                   = 5839372                                {pd product} {ergonomic}
    uintx NonProfiledCodeHeapSize                  = 122909434                              {pd product} {ergonomic}
    uintx ProfiledCodeHeapSize                     = 122909434                              {pd product} {ergonomic}
    uintx ReservedCodeCacheSize                    = 251658240                              {pd product} {ergonomic}
     bool SegmentedCodeCache                       = true                                      {product} {ergonomic}
     bool ShowCodeDetailsInExceptionMessages       = true                                   {manageable} {command line}
   size_t SoftMaxHeapSize                          = 5330960384                             {manageable} {ergonomic}
     bool UseCompressedOops                        = true                           {product lp64_product} {ergonomic}
     bool UseG1GC                                  = true                                      {product} {ergonomic}
     bool UseLargePagesIndividualAllocation        = false                                  {pd product} {ergonomic}

Logging:
Log output configuration:
 #0: stdout all=warning uptime,level,tags foldmultilines=false
 #1: stderr all=off uptime,level,tags foldmultilines=false

Environment Variables:
JAVA_HOME=C:\Program Files\Java\jdk-21
PATH=C:\Program Files\Java\jdk-21;C:\Program Files\Common Files\Oracle\Java\javapath;C:\Program Files (x86)\Common Files\Intel\Shared Libraries\redist\intel64\compiler;C:\Program Files (x86)\Intel\Intel(R) Management Engine Components\iCLS\;C:\Program Files\Intel\Intel(R) Management Engine Components\iCLS\;C:\Windows\system32;C:\Windows;C:\Windows\System32\Wbem;C:\Windows\System32\WindowsPowerShell\v1.0\;C:\Program Files (x86)\Intel\Intel(R) Management Engine Components\DAL;C:\Program Files\Intel\Intel(R) Management Engine Components\DAL;C:\Program Files (x86)\Intel\Intel(R) Management Engine Components\IPT;C:\Program Files\Intel\Intel(R) Management Engine Components\IPT;C:\Program Files (x86)\NVIDIA Corporation\PhysX\Common;C:\Program Files\Intel\WiFi\bin\;C:\Program Files\Common Files\Intel\WirelessCommon\;C:\windows\system32;C:\windows;C:\windows\System32\Wbem;C:\windows\System32\WindowsPowerShell\v1.0\;C:\windows\System32\OpenSSH\;C:\Program Files\dotnet\;C:\Program Files\Microsoft SQL Server\130\Tools\Binn\;C:\Program Files\CMake\bin;C:\Program Files\MySQL\MySQL Server 8.0\bin;C:\Program Files\Git\cmd;C:\Users\Ram\AppData\Local\Programs\Python\Python311\Scripts\;C:\Users\Ram\AppData\Local\Programs\Python\Python311\;C:\Users\Ram\AppData\Local\Microsoft\WindowsApps;C:\Users\Ram\.dotnet\tools;C:\Users\Ram\AppData\Local\Programs\Microsoft VS Code\bin;%IntelliJ IDEA Community Edition%;C:\Users\Ram\AppData\Local\GitHubDesktop\bin
USERNAME=Ram
OS=Windows_NT
PROCESSOR_IDENTIFIER=Intel64 Family 6 Model 158 Stepping 10, GenuineIntel
TMP=C:\Users\Ram\AppData\Local\Temp
TEMP=C:\Users\Ram\AppData\Local\Temp




Periodic native trim disabled

---------------  S Y S T E M  ---------------

OS:
 Windows 10 , 64 bit Build 19041 (10.0.19041.3570)
OS uptime: 2 days 3:30 hours

CPU: total 8 (initial active 8) (4 cores per cpu, 2 threads per core) family 6 model 158 stepping 10 microcode 0xb4, cx8, cmov, fxsr, ht, mmx, 3dnowpref, sse, sse2, sse3, ssse3, sse4.1, sse4.2, popcnt, lzcnt, tsc, tscinvbit, avx, avx2, aes, erms, clmul, bmi1, bmi2, adx, fma, vzeroupper, clflush, clflushopt, rdtscp, f16c
Processor Information for all 8 processors :
  Max Mhz: 2304, Current Mhz: 2304, Mhz Limit: 2304

Memory: 4k page, system-wide physical 20322M (12951M free)
TotalPageFile size 23394M (AvailPageFile size 13883M)
current process WorkingSet (physical memory assigned to process): 89M, peak: 90M
current process commit charge ("private bytes"): 484M, peak: 486M

vm_info: Java HotSpot(TM) 64-Bit Server VM (21.0.1+12-LTS-29) for windows-amd64 JRE (21.0.1+12-LTS-29), built on 2023-10-05T13:27:09Z by "mach5one" with MS VC++ 17.1 (VS2022)

END.
